c:\users\owner\desktop\wanxiangxie_proj4_v2\dependencies\debug\dependencies.pdb
c:\users\owner\desktop\wanxiangxie_proj4_v2\dependencies\debug\dependencies.idb
c:\users\owner\desktop\wanxiangxie_proj4_v2\dependencies\debug\dependencies.obj
c:\users\owner\desktop\wanxiangxie_proj4_v2\dependencies\debug\utilities.obj
c:\users\owner\desktop\wanxiangxie_proj4_v2\dependencies\debug\toker.obj
c:\users\owner\desktop\wanxiangxie_proj4_v2\dependencies\debug\semi.obj
c:\users\owner\desktop\wanxiangxie_proj4_v2\dependencies\debug\scopestack.obj
c:\users\owner\desktop\wanxiangxie_proj4_v2\dependencies\debug\parser.obj
c:\users\owner\desktop\wanxiangxie_proj4_v2\dependencies\debug\configureparser.obj
c:\users\owner\desktop\wanxiangxie_proj4_v2\dependencies\debug\actionsandrules.obj
c:\users\owner\desktop\wanxiangxie_proj4_v2\dependencies\debug\logger.obj
c:\users\owner\desktop\wanxiangxie_proj4_v2\dependencies\debug\grammarhelpers.obj
c:\users\owner\desktop\wanxiangxie_proj4_v2\dependencies\debug\filesystem.obj
c:\users\owner\desktop\wanxiangxie_proj4_v2\dependencies\debug\dependencytable.obj
c:\users\owner\desktop\wanxiangxie_proj4_v2\dependencies\debug\abstrsyntree.obj
c:\users\owner\desktop\wanxiangxie_proj4_v2\debug\dependencies.lib
c:\users\owner\desktop\wanxiangxie_proj4_v2\debug\dependencies.pdb
c:\users\owner\desktop\wanxiangxie_proj4_v2\dependencies\debug\dependencies.tlog\cl.command.1.tlog
c:\users\owner\desktop\wanxiangxie_proj4_v2\dependencies\debug\dependencies.tlog\cl.read.1.tlog
c:\users\owner\desktop\wanxiangxie_proj4_v2\dependencies\debug\dependencies.tlog\cl.write.1.tlog
c:\users\owner\desktop\wanxiangxie_proj4_v2\dependencies\debug\dependencies.tlog\lib-link.read.1.tlog
c:\users\owner\desktop\wanxiangxie_proj4_v2\dependencies\debug\dependencies.tlog\lib-link.write.1.tlog
c:\users\owner\desktop\wanxiangxie_proj4_v2\dependencies\debug\dependencies.tlog\lib.command.1.tlog
